Log file open, 09/27/17 10:42:51
LogInit:Display: Running engine for game: MyProject
LogPlatformFile: Not using cached read wrapper
LogInit:Display: RandInit(-1869943616) SRandInit(-1869943616).
LogTaskGraph: Started task graph with 5 named threads and 8 total threads with 1 sets of task threads.
LogStats: Stats thread started at 0.079454
LogPluginManager: Loaded Plugin Paper2D, From C:/apps/Epic Games/4.14/Engine/Plugins/2D/Paper2D/Paper2D.uplugin
LogPluginManager: Loaded Plugin LightPropagationVolume, From C:/apps/Epic Games/4.14/Engine/Plugins/Blendables/LightPropagationVolume/LightPropagationVolume.uplugin
LogPluginManager: Loaded Plugin BlankPlugin, From C:/apps/Epic Games/4.14/Engine/Plugins/Developer/BlankPlugin/BlankPlugin.uplugin
LogPluginManager: Loaded Plugin CodeLiteSourceCodeAccess, From C:/apps/Epic Games/4.14/Engine/Plugins/Developer/CodeLiteSourceCodeAccess/CodeLiteSourceCodeAccess.uplugin
LogPluginManager: Loaded Plugin GitSourceControl, From C:/apps/Epic Games/4.14/Engine/Plugins/Developer/GitSourceControl/GitSourceControl.uplugin
LogPluginManager: Loaded Plugin KDevelopSourceCodeAccess, From C:/apps/Epic Games/4.14/Engine/Plugins/Developer/KDevelopSourceCodeAccess/KDevelopSourceCodeAccess.uplugin
LogPluginManager: Loaded Plugin NullSourceCodeAccess, From C:/apps/Epic Games/4.14/Engine/Plugins/Developer/NullSourceCodeAccess/NullSourceCodeAccess.uplugin
LogPluginManager: Loaded Plugin OneSkyLocalizationService, From C:/apps/Epic Games/4.14/Engine/Plugins/Developer/OneSkyLocalizationService/OneSkyLocalizationService.uplugin
LogPluginManager: Loaded Plugin PerforceSourceControl, From C:/apps/Epic Games/4.14/Engine/Plugins/Developer/PerforceSourceControl/PerforceSourceControl.uplugin
LogPluginManager: Loaded Plugin SubversionSourceControl, From C:/apps/Epic Games/4.14/Engine/Plugins/Developer/SubversionSourceControl/SubversionSourceControl.uplugin
LogPluginManager: Loaded Plugin UObjectPlugin, From C:/apps/Epic Games/4.14/Engine/Plugins/Developer/UObjectPlugin/UObjectPlugin.uplugin
LogPluginManager: Loaded Plugin VisualStudioSourceCodeAccess, From C:/apps/Epic Games/4.14/Engine/Plugins/Developer/VisualStudioSourceCodeAccess/VisualStudioSourceCodeAccess.uplugin
LogPluginManager: Loaded Plugin XCodeSourceCodeAccess, From C:/apps/Epic Games/4.14/Engine/Plugins/Developer/XCodeSourceCodeAccess/XCodeSourceCodeAccess.uplugin
LogPluginManager: Loaded Plugin AudioCapture, From C:/apps/Epic Games/4.14/Engine/Plugins/Editor/AudioCapture/AudioCapture.uplugin
LogPluginManager: Loaded Plugin EpicSurvey, From C:/apps/Epic Games/4.14/Engine/Plugins/Editor/EpicSurvey/EpicSurvey.uplugin
LogPluginManager: Loaded Plugin MacGraphicsSwitching, From C:/apps/Epic Games/4.14/Engine/Plugins/Editor/MacGraphicsSwitching/MacGraphicsSwitching.uplugin
LogPluginManager: Loaded Plugin MobileLauncherProfileWizard, From C:/apps/Epic Games/4.14/Engine/Plugins/Editor/MobileLauncherProfileWizard/MobileLauncherProfileWizard.uplugin
LogPluginManager: Loaded Plugin PluginBrowser, From C:/apps/Epic Games/4.14/Engine/Plugins/Editor/PluginBrowser/PluginBrowser.uplugin
LogPluginManager: Loaded Plugin SpeedTreeImporter, From C:/apps/Epic Games/4.14/Engine/Plugins/Editor/SpeedTreeImporter/SpeedTreeImporter.uplugin
LogPluginManager: Loaded Plugin SuperSearchEditor, From C:/apps/Epic Games/4.14/Engine/Plugins/Editor/SuperSearchEditor/SuperSearchEditor.uplugin
LogPluginManager: Loaded Plugin AlembicImporter, From C:/apps/Epic Games/4.14/Engine/Plugins/Experimental/AlembicImporter/AlembicImporter.uplugin
LogPluginManager: Loaded Plugin BlueprintStats, From C:/apps/Epic Games/4.14/Engine/Plugins/Experimental/BlueprintStats/BlueprintStats.uplugin
LogPluginManager: Loaded Plugin CharacterAI, From C:/apps/Epic Games/4.14/Engine/Plugins/Experimental/CharacterAI/CharacterAI.uplugin
LogPluginManager: Loaded Plugin CodeEditor, From C:/apps/Epic Games/4.14/Engine/Plugins/Experimental/CodeEditor/CodeEditor.uplugin
LogPluginManager: Loaded Plugin CodeView, From C:/apps/Epic Games/4.14/Engine/Plugins/Experimental/CodeView/CodeView.uplugin
LogPluginManager: Loaded Plugin HTML5Networking, From C:/apps/Epic Games/4.14/Engine/Plugins/Experimental/HTML5Networking/HTML5Networking.uplugin
LogPluginManager: Loaded Plugin OSVR, From C:/apps/Epic Games/4.14/Engine/Plugins/Experimental/OSVR/OSVR.uplugin
LogPluginManager: Loaded Plugin Phya, From C:/apps/Epic Games/4.14/Engine/Plugins/Experimental/Phya/Phya.uplugin
LogPluginManager: Loaded Plugin SignificanceManager, From C:/apps/Epic Games/4.14/Engine/Plugins/Experimental/SignificanceManager/SignificanceManager.uplugin
LogPluginManager: Loaded Plugin SimpleHMD, From C:/apps/Epic Games/4.14/Engine/Plugins/Experimental/SimpleHMD/SimpleHMD.uplugin
LogPluginManager: Loaded Plugin StereoPanorama, From C:/apps/Epic Games/4.14/Engine/Plugins/Experimental/StereoPanorama/StereoPanorama.uplugin
LogPluginManager: Loaded Plugin StructBox, From C:/apps/Epic Games/4.14/Engine/Plugins/Experimental/StructBox/StructBox.uplugin
LogPluginManager: Loaded Plugin AndroidMedia, From C:/apps/Epic Games/4.14/Engine/Plugins/Media/AndroidMedia/AndroidMedia.uplugin
LogPluginManager: Loaded Plugin AvfMedia, From C:/apps/Epic Games/4.14/Engine/Plugins/Media/AvfMedia/AvfMedia.uplugin
LogPluginManager: Loaded Plugin MediaPlayerEditor, From C:/apps/Epic Games/4.14/Engine/Plugins/Media/MediaPlayerEditor/MediaPlayerEditor.uplugin
LogPluginManager: Loaded Plugin WmfMedia, From C:/apps/Epic Games/4.14/Engine/Plugins/Media/WmfMedia/WmfMedia.uplugin
LogPluginManager: Loaded Plugin MessagingDebugger, From C:/apps/Epic Games/4.14/Engine/Plugins/Messaging/MessagingDebugger/MessagingDebugger.uplugin
LogPluginManager: Loaded Plugin TcpMessaging, From C:/apps/Epic Games/4.14/Engine/Plugins/Messaging/TcpMessaging/TcpMessaging.uplugin
LogPluginManager: Loaded Plugin UdpMessaging, From C:/apps/Epic Games/4.14/Engine/Plugins/Messaging/UdpMessaging/UdpMessaging.uplugin
LogPluginManager: Loaded Plugin LevelSequenceEditor, From C:/apps/Epic Games/4.14/Engine/Plugins/MovieScene/LevelSequenceEditor/LevelSequenceEditor.uplugin
LogPluginManager: Loaded Plugin MatineeToLevelSequence, From C:/apps/Epic Games/4.14/Engine/Plugins/MovieScene/MatineeToLevelSequence/MatineeToLevelSequence.uplugin
LogPluginManager: Loaded Plugin NetcodeUnitTest, From C:/apps/Epic Games/4.14/Engine/Plugins/NetcodeUnitTest/NetcodeUnitTest/NetcodeUnitTest.uplugin
LogPluginManager: Loaded Plugin NUTUnrealEngine4, From C:/apps/Epic Games/4.14/Engine/Plugins/NetcodeUnitTest/NUTUnrealEngine4/NUTUnrealEngine4.uplugin
LogPluginManager: Loaded Plugin OnlineSubsystemGameCircle, From C:/apps/Epic Games/4.14/Engine/Plugins/Online/Android/OnlineSubsystemGameCircle/OnlineSubsystemGameCircle.uplugin
LogPluginManager: Loaded Plugin OnlineSubsystemGooglePlay, From C:/apps/Epic Games/4.14/Engine/Plugins/Online/Android/OnlineSubsystemGooglePlay/OnlineSubsystemGooglePlay.uplugin
LogPluginManager: Loaded Plugin OnlineSubsystemIOS, From C:/apps/Epic Games/4.14/Engine/Plugins/Online/IOS/OnlineSubsystemIOS/OnlineSubsystemIOS.uplugin
LogPluginManager: Loaded Plugin OnlineFramework, From C:/apps/Epic Games/4.14/Engine/Plugins/Online/OnlineFramework/OnlineFramework.uplugin
LogPluginManager: Loaded Plugin OnlineSubsystem, From C:/apps/Epic Games/4.14/Engine/Plugins/Online/OnlineSubsystem/OnlineSubsystem.uplugin
LogPluginManager: Loaded Plugin OnlineSubsystemAmazon, From C:/apps/Epic Games/4.14/Engine/Plugins/Online/OnlineSubsystemAmazon/OnlineSubsystemAmazon.uplugin
LogPluginManager: Loaded Plugin OnlineSubsystemFacebook, From C:/apps/Epic Games/4.14/Engine/Plugins/Online/OnlineSubsystemFacebook/OnlineSubsystemFacebook.uplugin
LogPluginManager: Loaded Plugin OnlineSubsystemNull, From C:/apps/Epic Games/4.14/Engine/Plugins/Online/OnlineSubsystemNull/OnlineSubsystemNull.uplugin
LogPluginManager: Loaded Plugin OnlineSubsystemOculus, From C:/apps/Epic Games/4.14/Engine/Plugins/Online/OnlineSubsystemOculus/OnlineSubsystemOculus.uplugin
LogPluginManager: Loaded Plugin OnlineSubsystemSteam, From C:/apps/Epic Games/4.14/Engine/Plugins/Online/OnlineSubsystemSteam/OnlineSubsystemSteam.uplugin
LogPluginManager: Loaded Plugin OnlineSubsystemUtils, From C:/apps/Epic Games/4.14/Engine/Plugins/Online/OnlineSubsystemUtils/OnlineSubsystemUtils.uplugin
LogPluginManager: Loaded Plugin IOSTapJoy, From C:/apps/Epic Games/4.14/Engine/Plugins/Runtime/Advertising/IOSTapJoy/IOSTapJoy.uplugin
LogPluginManager: Loaded Plugin AnalyticsBlueprintLibrary, From C:/apps/Epic Games/4.14/Engine/Plugins/Runtime/Analytics/AnalyticsBlueprintLibrary/AnalyticsBlueprintLibrary.uplugin
LogPluginManager: Loaded Plugin AnalyticsMulticast, From C:/apps/Epic Games/4.14/Engine/Plugins/Runtime/Analytics/AnalyticsMulticast/AnalyticsMulticast.uplugin
LogPluginManager: Loaded Plugin Apsalar, From C:/apps/Epic Games/4.14/Engine/Plugins/Runtime/Analytics/Apsalar/Apsalar.uplugin
LogPluginManager: Loaded Plugin FileLogging, From C:/apps/Epic Games/4.14/Engine/Plugins/Runtime/Analytics/FileLogging/FileLogging.uplugin
LogPluginManager: Loaded Plugin Flurry, From C:/apps/Epic Games/4.14/Engine/Plugins/Runtime/Analytics/Flurry/Flurry.uplugin
LogPluginManager: Loaded Plugin AndroidDeviceProfileSelector, From C:/apps/Epic Games/4.14/Engine/Plugins/Runtime/AndroidDeviceProfileSelector/AndroidDeviceProfileSelector.uplugin
LogPluginManager: Loaded Plugin AndroidMoviePlayer, From C:/apps/Epic Games/4.14/Engine/Plugins/Runtime/AndroidMoviePlayer/AndroidMoviePlayer.uplugin
LogPluginManager: Loaded Plugin AppleMoviePlayer, From C:/apps/Epic Games/4.14/Engine/Plugins/Runtime/AppleMoviePlayer/AppleMoviePlayer.uplugin
LogPluginManager: Loaded Plugin ArchVisCharacter, From C:/apps/Epic Games/4.14/Engine/Plugins/Runtime/ArchVisCharacter/ArchVisCharacter.uplugin
LogPluginManager: Loaded Plugin CableComponent, From C:/apps/Epic Games/4.14/Engine/Plugins/Runtime/CableComponent/CableComponent.uplugin
LogPluginManager: Loaded Plugin CustomMeshComponent, From C:/apps/Epic Games/4.14/Engine/Plugins/Runtime/CustomMeshComponent/CustomMeshComponent.uplugin
LogPluginManager: Loaded Plugin ExampleDeviceProfileSelector, From C:/apps/Epic Games/4.14/Engine/Plugins/Runtime/ExampleDeviceProfileSelector/ExampleDeviceProfileSelector.uplugin
LogPluginManager: Loaded Plugin GearVR, From C:/apps/Epic Games/4.14/Engine/Plugins/Runtime/GearVR/GearVR.uplugin
LogPluginManager: Loaded Plugin GoogleVRController, From C:/apps/Epic Games/4.14/Engine/Plugins/Runtime/GoogleVR/GoogleVRController/GoogleVRController.uplugin
LogPluginManager: Loaded Plugin GoogleVRHMD, From C:/apps/Epic Games/4.14/Engine/Plugins/Runtime/GoogleVR/GoogleVRHMD/GoogleVRHMD.uplugin
LogPluginManager: Loaded Plugin IOSDeviceProfileSelector, From C:/apps/Epic Games/4.14/Engine/Plugins/Runtime/IOSDeviceProfileSelector/IOSDeviceProfileSelector.uplugin
LogPluginManager: Loaded Plugin LeapMotion, From C:/apps/Epic Games/4.14/Engine/Plugins/Runtime/LeapMotion/LeapMotion.uplugin
LogPluginManager: Loaded Plugin LinuxDeviceProfileSelector, From C:/apps/Epic Games/4.14/Engine/Plugins/Runtime/LinuxDeviceProfileSelector/LinuxDeviceProfileSelector.uplugin
LogPluginManager: Loaded Plugin MIDIDevice, From C:/apps/Epic Games/4.14/Engine/Plugins/Runtime/MIDIDevice/MIDIDevice.uplugin
LogPluginManager: Loaded Plugin MobilePatchingUtils, From C:/apps/Epic Games/4.14/Engine/Plugins/Runtime/MobilePatchingUtils/MobilePatchingUtils.uplugin
LogPluginManager: Loaded Plugin Ansel, From C:/apps/Epic Games/4.14/Engine/Plugins/Runtime/Nvidia/Ansel/Ansel.uplugin
LogPluginManager: Loaded Plugin OculusAudio, From C:/apps/Epic Games/4.14/Engine/Plugins/Runtime/OculusAudio/OculusAudio.uplugin
LogPluginManager: Loaded Plugin OculusInput, From C:/apps/Epic Games/4.14/Engine/Plugins/Runtime/OculusInput/OculusInput.uplugin
LogPluginManager: Loaded Plugin OculusLibrary, From C:/apps/Epic Games/4.14/Engine/Plugins/Runtime/OculusLibrary/OculusLibrary.uplugin
LogPluginManager: Loaded Plugin OculusRift, From C:/apps/Epic Games/4.14/Engine/Plugins/Runtime/OculusRift/OculusRift.uplugin
LogPluginManager: Loaded Plugin Oodle, From C:/apps/Epic Games/4.14/Engine/Plugins/Runtime/PacketHandlers/CompressionComponents/Oodle/Oodle.uplugin
LogPluginManager: Loaded Plugin ProceduralMeshComponent, From C:/apps/Epic Games/4.14/Engine/Plugins/Runtime/ProceduralMeshComponent/ProceduralMeshComponent.uplugin
LogPluginManager: Loaded Plugin SoundMod, From C:/apps/Epic Games/4.14/Engine/Plugins/Runtime/SoundMod/SoundMod.uplugin
LogPluginManager: Loaded Plugin SoundVisualizations, From C:/apps/Epic Games/4.14/Engine/Plugins/Runtime/SoundVisualizations/SoundVisualizations.uplugin
LogPluginManager: Loaded Plugin SteamController, From C:/apps/Epic Games/4.14/Engine/Plugins/Runtime/Steam/SteamController/SteamController.uplugin
LogPluginManager: Loaded Plugin SteamVR, From C:/apps/Epic Games/4.14/Engine/Plugins/Runtime/Steam/SteamVR/SteamVR.uplugin
LogPluginManager: Loaded Plugin WebBrowserWidget, From C:/apps/Epic Games/4.14/Engine/Plugins/Runtime/WebBrowserWidget/WebBrowserWidget.uplugin
LogPluginManager: Loaded Plugin WindowsDeviceProfileSelector, From C:/apps/Epic Games/4.14/Engine/Plugins/Runtime/WindowsDeviceProfileSelector/WindowsDeviceProfileSelector.uplugin
LogPluginManager: Loaded Plugin WindowsMoviePlayer, From C:/apps/Epic Games/4.14/Engine/Plugins/Runtime/WindowsMoviePlayer/WindowsMoviePlayer.uplugin
LogPluginManager: Loaded Plugin ScriptPlugin, From C:/apps/Epic Games/4.14/Engine/Plugins/ScriptPlugin/ScriptPlugin.uplugin
LogPluginManager: Loaded Plugin SlateRemote, From C:/apps/Epic Games/4.14/Engine/Plugins/Slate/SlateRemote/SlateRemote.uplugin
LogPluginManager: Loaded Plugin EditorTests, From C:/apps/Epic Games/4.14/Engine/Plugins/Tests/EditorTests/EditorTests.uplugin
LogPluginManager: Loaded Plugin FbxAutomationTestBuilder, From C:/apps/Epic Games/4.14/Engine/Plugins/Tests/FbxAutomationTestBuilder/FbxAutomationTestBuilder.uplugin
LogPluginManager: Loaded Plugin FunctionalTestingEditor, From C:/apps/Epic Games/4.14/Engine/Plugins/Tests/FunctionalTestingEditor/FunctionalTestingEditor.uplugin
LogPluginManager: Loaded Plugin RuntimeTests, From C:/apps/Epic Games/4.14/Engine/Plugins/Tests/RuntimeTests/RuntimeTests.uplugin
LogPluginManager: Loaded Plugin ScreenshotTools, From C:/apps/Epic Games/4.14/Engine/Plugins/Tests/ScreenshotTools/ScreenshotTools.uplugin
LogInit: Using libcurl 7.47.1
LogInit:  - built for x86_64-pc-win32
LogInit:  - supports SSL with OpenSSL/1.0.2g
LogInit:  - supports HTTP deflate (compression) using libz 1.2.8
LogInit:  - other features:
LogInit:      CURL_VERSION_SSL
LogInit:      CURL_VERSION_LIBZ
LogInit:      CURL_VERSION_IPV6
LogInit:      CURL_VERSION_ASYNCHDNS
LogInit:      CURL_VERSION_LARGEFILE
LogInit:      CURL_VERSION_IDN
LogInit:  CurlRequestOptions (configurable via config and command line):
LogInit:  - bVerifyPeer = false  - Libcurl will NOT verify peer certificate
LogInit:  - bUseHttpProxy = false  - Libcurl will NOT use HTTP proxy
LogInit:  - bDontReuseConnections = false  - Libcurl will reuse connections
LogInit:  - CertBundlePath = nullptr  - Libcurl will use whatever was configured at build time.
LogInit: Build: ++UE4+Release-4.14-CL-3249277
LogInit: Engine Version: 4.14.3-3249277+++UE4+Release-4.14
LogInit: Compatible Engine Version: 4.14.0-3195953+++UE4+Release-4.14
LogInit: Net CL: 3195953
LogDevObjectVersion: Number of dev versions registered: 13
LogDevObjectVersion:   Dev-Blueprints (B0D832E4-1F89-4F0D-ACCF-7EB736FD4AA2): 7
LogDevObjectVersion:   Dev-Build (E1C64328-A22C-4D53-A36C-8E866417BD8C): 0
LogDevObjectVersion:   Dev-Core (375EC13C-06E4-48FB-B500-84F0262A717E): 1
LogDevObjectVersion:   Dev-Editor (E4B068ED-F494-42E9-A231-DA0B2E46BB41): 8
LogDevObjectVersion:   Dev-Framework (CFFC743F-43B0-4480-9391-14DF171D2073): 17
LogDevObjectVersion:   Dev-Mobile (B02B49B5-BB20-44E9-A304-32B752E40360): 0
LogDevObjectVersion:   Dev-Networking (A4E4105C-59A1-49B5-A7C5-40C4547EDFEE): 0
LogDevObjectVersion:   Dev-Online (39C831C9-5AE6-47DC-9A44-9C173E1C8E7C): 0
LogDevObjectVersion:   Dev-Physics (78F01B33-EBEA-4F98-B9B4-84EACCB95AA2): 0
LogDevObjectVersion:   Dev-Platform (6631380F-2D4D-43E0-8009-CF276956A95A): 0
LogDevObjectVersion:   Dev-Rendering (12F88B9F-8875-4AFC-A67C-D90C383ABD29): 12
LogDevObjectVersion:   Dev-Sequencer (7B5AE74C-D270-4C10-A958-57980B212A5A): 1
LogDevObjectVersion:   Dev-VR (D7296918-1DD6-4BDD-9DE2-64A83CC13884): 0
LogInit: Compiled (64-bit): Jan  6 2017 10:49:43
LogInit: Compiled with Visual C++: 19.00.23026.00
LogInit: Build Configuration: Development
LogInit: Branch Name: ++UE4+Release-4.14
LogInit: Command line: -EpicPortal 
LogInit: Base directory: C:/apps/Epic Games/4.14/Engine/Binaries/Win64/
LogInit: Installed Engine Build: 1
LogInit: Presizing for max 8388607 objects, including 0 objects not considered by GC, pre-allocating 0 bytes for permanent pool.
LogInit: Object subsystem initialized
[2017.09.26-21.42.52:138][  0]LogInit: Selected Device Profile: [Windows]
[2017.09.26-21.42.52:138][  0]LogInit: Applying CVar settings loaded from the selected device profile: [Windows]
[2017.09.26-21.42.52:148][  0]LogInit: Computer: 1805C014
[2017.09.26-21.42.52:148][  0]LogInit: User: FrancisKir7286
[2017.09.26-21.42.52:148][  0]LogInit: CPU Page size=65536, Cores=4
[2017.09.26-21.42.52:148][  0]LogInit: High frequency timer resolution =3.312822 MHz
[2017.09.26-21.42.52:148][  0]LogMemory: Memory total: Physical=8.0GB (8GB approx)
[2017.09.26-21.42.52:148][  0]LogMemory: Platform Memory Stats for Windows
[2017.09.26-21.42.52:148][  0]LogMemory: Process Physical Memory: 266.29 MB used, 266.29 MB peak
[2017.09.26-21.42.52:148][  0]LogMemory: Process Virtual Memory: 265.47 MB used, 265.47 MB peak
[2017.09.26-21.42.52:148][  0]LogMemory: Physical Memory: 6553.21 MB used,  1596.94 MB free, 8150.16 MB total
[2017.09.26-21.42.52:148][  0]LogMemory: Virtual Memory: 663.93 MB used,  1596.94 MB free, 8388608.00 MB total
[2017.09.26-21.42.52:188][  0]LogTextLocalizationManager: No specific translations for ('en-NZ') exist, so ('en') translations will be used.
[2017.09.26-21.42.53:004][  0]LogD3D11RHI: D3D11 adapters:
[2017.09.26-21.42.53:025][  0]LogD3D11RHI:    0. 'NVIDIA GeForce GTX 670' (Feature Level 11_0)
[2017.09.26-21.42.53:025][  0]LogD3D11RHI:       1989/0/2048 MB DedicatedVideo/DedicatedSystem/SharedSystem, Outputs:2, VendorId:0x10de
[2017.09.26-21.42.53:025][  0]LogD3D11RHI: Chosen D3D11 Adapter: 0
[2017.09.26-21.42.53:029][  0]LogD3D11RHI: Creating new Direct3DDevice
[2017.09.26-21.42.53:029][  0]LogD3D11RHI:     GPU DeviceId: 0x1189 (for the marketing name, search the web for "GPU Device Id")
[2017.09.26-21.42.53:029][  0]LogWindows: EnumDisplayDevices:
[2017.09.26-21.42.53:029][  0]LogWindows:    0. 'NVIDIA GeForce GTX 670' (P:1 D:1)
[2017.09.26-21.42.53:030][  0]LogWindows:    1. 'NVIDIA GeForce GTX 670' (P:0 D:1)
[2017.09.26-21.42.53:030][  0]LogWindows:    2. 'NVIDIA GeForce GTX 670' (P:0 D:0)
[2017.09.26-21.42.53:030][  0]LogWindows:    3. 'NVIDIA GeForce GTX 670' (P:0 D:0)
[2017.09.26-21.42.53:030][  0]LogWindows:    4. 'RDPDD Chained DD' (P:0 D:0)
[2017.09.26-21.42.53:030][  0]LogWindows:    5. 'RDP Encoder Mirror Driver' (P:0 D:0)
[2017.09.26-21.42.53:030][  0]LogWindows:    6. 'RDP Reflector Display Driver' (P:0 D:0)
[2017.09.26-21.42.53:030][  0]LogWindows:    7. 'Mirage Driver' (P:0 D:0)
[2017.09.26-21.42.53:030][  0]LogWindows: DebugString: GetVideoDriverDetailsInvalid PrimaryIsNotTheChoosenAdapter GetVideoDriverDetailsInvalid PrimaryIsNotTheChoosenAdapter GetVideoDriverDetailsInvalid PrimaryIsNotTheChoosenAdapter GetVideoDriverDetailsInvalid PrimaryIsNotTheChoosenAdapter FoundDriverCount:4 
[2017.09.26-21.42.53:030][  0]LogD3D11RHI:     Adapter Name: NVIDIA GeForce GTX 670
[2017.09.26-21.42.53:030][  0]LogD3D11RHI:   Driver Version: 364.72 (internal:10.18.13.6472, unified:364.72)
[2017.09.26-21.42.53:030][  0]LogD3D11RHI:      Driver Date: 3-21-2016
[2017.09.26-21.42.53:030][  0]LogRHI: Texture pool is 1361 MB (70% of 1945 MB)
[2017.09.26-21.42.53:038][  0]LogD3D11RHI:Warning: Timestamp queries are currently disabled on this hardware due to instability. Realtime GPU stats will not be available. You can override this behaviour by setting r.NVIDIATimestampWorkaround to 0
[2017.09.26-21.42.53:038][  0]LogD3D11RHI: Async texture creation enabled
[2017.09.26-21.42.53:052][  0]LogD3D11RHI: GPU Timing Frequency: 1000.000000 (Debug: 2 2)
[2017.09.26-21.42.53:052][  0]LogShaderCompilers: Guid format shader working directory is -24 characters bigger than the processId version (D:/Users/Francis.Kir7286/Documents/Source-Control-Workshop/UE4 Project/MyProject/Intermediate/Shaders/WorkingDirectory/3440/).
[2017.09.26-21.42.53:052][  0]LogShaderCompilers: Cleaned the shader compiler working directory 'D:/Users/Francis.Kir7286/AppData/Local/Temp/UnrealShaderWorkingDir/B5B7C24B4D72BC37C4789B8012ECA539/'.
[2017.09.26-21.42.53:052][  0]LogShaderCompilers:Display: Using Local Shader Compiler.
[2017.09.26-21.42.54:236][  0]LogTemp:Display: Loaded TP AllDesktopTargetPlatform
[2017.09.26-21.42.54:328][  0]LogTemp:Display: Loaded TP MacClientTargetPlatform
[2017.09.26-21.42.54:437][  0]LogTemp:Display: Loaded TP MacNoEditorTargetPlatform
[2017.09.26-21.42.54:908][  0]LogTemp:Display: Loaded TP MacServerTargetPlatform
[2017.09.26-21.42.55:023][  0]LogTemp:Display: Loaded TP MacTargetPlatform
[2017.09.26-21.42.55:165][  0]LogTemp:Display: Loaded TP WindowsClientTargetPlatform
[2017.09.26-21.42.55:323][  0]LogTemp:Display: Loaded TP WindowsNoEditorTargetPlatform
[2017.09.26-21.42.55:433][  0]LogTemp:Display: Loaded TP WindowsServerTargetPlatform
[2017.09.26-21.42.55:563][  0]LogTemp:Display: Loaded TP WindowsTargetPlatform
[2017.09.26-21.42.55:712][  0]LogTemp:Display: Loaded TP AndroidTargetPlatform
[2017.09.26-21.42.55:804][  0]LogTemp:Display: Loaded TP Android_ASTCTargetPlatform
[2017.09.26-21.42.55:898][  0]LogTemp:Display: Loaded TP Android_ATCTargetPlatform
[2017.09.26-21.42.55:990][  0]LogTemp:Display: Loaded TP Android_DXTTargetPlatform
[2017.09.26-21.42.56:081][  0]LogTemp:Display: Loaded TP Android_ETC1TargetPlatform
[2017.09.26-21.42.56:171][  0]LogTemp:Display: Loaded TP Android_ETC2TargetPlatform
[2017.09.26-21.42.56:353][  0]LogTemp:Display: Loaded TP Android_MultiTargetPlatform
[2017.09.26-21.42.56:353][  0]LogTemp:Display: Loaded TP Android_PVRTCTargetPlatform
[2017.09.26-21.42.56:426][  0]LogTemp:Display: Loaded TP HTML5TargetPlatform
[2017.09.26-21.42.56:566][  0]LogTemp:Display: Loaded TP IOSTargetPlatform
[2017.09.26-21.42.56:620][  0]LogTemp:Display: Loaded TP TVOSTargetPlatform
[2017.09.26-21.42.56:710][  0]LogTemp:Display: Loaded TP LinuxClientTargetPlatform
[2017.09.26-21.42.56:800][  0]LogTemp:Display: Loaded TP LinuxNoEditorTargetPlatform
[2017.09.26-21.42.56:890][  0]LogTemp:Display: Loaded TP LinuxServerTargetPlatform
[2017.09.26-21.42.56:982][  0]LogTemp:Display: Loaded TP LinuxTargetPlatform
[2017.09.26-21.42.56:982][  0]LogTargetPlatformManager:Display: Building Assets For Windows
[2017.09.26-21.42.57:673][  0]LogDerivedDataCache:Display: Max Cache Size: 512 MB
[2017.09.26-21.42.57:725][  0]LogDerivedDataCache: Loaded boot cache 0.05s 64MB D:/Users/Francis.Kir7286/AppData/Local/UnrealEngine/4.14/DerivedDataCache/Boot.ddc.
[2017.09.26-21.42.57:725][  0]LogDerivedDataCache:Display: Loaded Boot cache: D:/Users/Francis.Kir7286/AppData/Local/UnrealEngine/4.14/DerivedDataCache/Boot.ddc
[2017.09.26-21.42.57:726][  0]LogDerivedDataCache: FDerivedDataBackendGraph:  Pak pak cache file D:/Users/Francis.Kir7286/Documents/Source-Control-Workshop/UE4 Project/MyProject/DerivedDataCache/DDC.ddp not found, will not use a pak cache.
[2017.09.26-21.42.57:726][  0]LogDerivedDataCache: Unable to find inner node Pak for hierarchical cache Hierarchy.
[2017.09.26-21.42.57:726][  0]LogDerivedDataCache: FDerivedDataBackendGraph:  CompressedPak pak cache file D:/Users/Francis.Kir7286/Documents/Source-Control-Workshop/UE4 Project/MyProject/DerivedDataCache/Compressed.ddp not found, will not use a pak cache.
[2017.09.26-21.42.57:726][  0]LogDerivedDataCache: Unable to find inner node CompressedPak for hierarchical cache Hierarchy.
[2017.09.26-21.42.57:742][  0]LogDerivedDataCache:Display: Pak cache opened for reading ../../../Engine/DerivedDataCache/Compressed.ddp.
[2017.09.26-21.42.57:753][  0]LogDerivedDataCache: Using Local data cache path D:/Users/Francis.Kir7286/AppData/Local/UnrealEngine/Common/DerivedDataCache: Writable
[2017.09.26-21.42.58:002][  0]LogInit: Selected Device Profile: [Windows]
[2017.09.26-21.42.58:005][  0]LogContentStreaming: Texture pool size is 0.00 MB
[2017.09.26-21.42.58:299][  0]LogMeshUtilities: Using QuadricMeshReduction for automatic static mesh reduction
[2017.09.26-21.42.58:379][  0]LogSimplygon: Simplygon DLL not present - disabling.
[2017.09.26-21.42.58:459][  0]LogMeshUtilities: Using SimplygonSwarm for distributed automatic mesh merging
[2017.09.26-21.42.58:459][  0]LogMeshUtilities: No automatic skeletal mesh reduction module available
[2017.09.26-21.42.58:459][  0]LogMeshUtilities: No automatic mesh merging module available
[2017.09.26-21.42.59:038][  0]LogNetVersion: GetLocalNetworkVersion: CL: 3195953, ProjectName: myproject, ProjectVersion: , EngineNetworkVersion: 2, GameNetworkVersion: 0, NetworkChecksum: 2754685603
[2017.09.26-21.42.59:110][  0]LogAssetRegistry: FAssetRegistry took 0.0196 seconds to start up
[2017.09.26-21.42.59:166][  0]LogPackageLocalizationCache: Processed 3 localized package path(s) for 2 prioritized culture(s) in 0.017895 seconds
[2017.09.26-21.42.59:171][  0]LogUObjectArray: 31946 objects as part of root set at end of initial load.
[2017.09.26-21.42.59:171][  0]LogUObjectAllocator: 6935848 out of 0 bytes used by permanent object pool.
[2017.09.26-21.42.59:171][  0]LogUObjectArray: CloseDisregardForGC: 0/0 objects in disregard for GC pool
[2017.09.26-21.42.59:290][  0]LogInit: WinSock: version 1.1 (2.2), MaxSocks=32767, MaxUdp=65467
[2017.09.26-21.43.00:712][  0]LogSlate: Using Freetype 2.6.0
[2017.09.26-21.43.00:713][  0]LogSlate: SlateFontCache - WITH_FREETYPE: 1, WITH_HARFBUZZ: 1
[2017.09.26-21.43.00:713][  0]LogSlate: SlateFontCache - WITH_FREETYPE: 1, WITH_HARFBUZZ: 1
[2017.09.26-21.43.02:323][  0]LogTcpMessaging: Initializing TcpMessaging bridge
[2017.09.26-21.43.02:398][  0]LogUdpMessaging: Initializing bridge on interface 0.0.0.0:0 to multicast group 230.0.0.1:6666.
[2017.09.26-21.43.02:895][  0]LogMaterial: Uniform references updated for custom material expression Custom.
[2017.09.26-21.43.03:524][  0]SourceControl: Info Source control is disabled
[2017.09.26-21.43.03:553][  0]SourceControl: Info Source control is disabled
[2017.09.26-21.43.03:633][  0]SourceControl: Info Source control is disabled
[2017.09.26-21.43.03:714][  0]SourceControl: Info Source control is disabled
[2017.09.26-21.43.06:040][  0]LogEngine: Initializing Engine...
[2017.09.26-21.43.06:040][  0]LogHMD: Failed to initialize OpenVR with code 110
[2017.09.26-21.43.06:391][  0]LogAIModule: Creating AISystem for world Untitled
[2017.09.26-21.43.06:398][  0]LogInit: No audio devices found!
[2017.09.26-21.43.06:428][  0]LogDerivedDataCache: Saved boot cache 0.03s 64MB D:/Users/Francis.Kir7286/AppData/Local/UnrealEngine/4.14/DerivedDataCache/Boot.ddc.
[2017.09.26-21.43.06:433][  0]LogInit: Texture streaming: Enabled
[2017.09.26-21.43.06:753][  0]LogInit: Transaction tracking system initialized
[2017.09.26-21.43.07:386][  0]BlueprintLog: New page: Editor Load
[2017.09.26-21.43.09:061][  0]LocalizationService: Info Localization service is disabled
[2017.09.26-21.43.10:238][  0]LogConsoleResponse:Display: 
[2017.09.26-21.43.10:475][  0]LogFileCache: Scanning file cache for directory 'D:/Users/Francis.Kir7286/Documents/Source-Control-Workshop/UE4 Project/MyProject/Content/' took 0.01s
[2017.09.26-21.43.10:475][  0]LogCook:Display: Max memory allowance for cook 16384mb min free memory 0mb
[2017.09.26-21.43.10:475][  0]LogCook:Display: Mobile HDR setting 1
[2017.09.26-21.43.12:140][  0]SourceControl: Info Source control is disabled
[2017.09.26-21.43.12:140][  0]Cmd: MAP LOAD FILE="../../../Engine/Content/Maps/Templates/Template_Default.umap" TEMPLATE=1 SHOWPROGRESS=1 FEATURELEVEL=3
[2017.09.26-21.43.12:141][  0]LightingResults: New page: Lighting Build
[2017.09.26-21.43.12:216][  0]MapCheck: New page: Map Check
[2017.09.26-21.43.12:216][  0]LightingResults: New page: Lighting Build
[2017.09.26-21.43.12:452][  0]LogAIModule: Creating AISystem for world Untitled_1
[2017.09.26-21.43.12:452][  0]LogActorComponent: RegisterComponentWithWorld: (/Temp/Untitled_1.Untitled_1:PersistentLevel.WorldSettings_1.StaticMeshComponent0) Trying to register component with IsPendingKill() == true. Aborting.
[2017.09.26-21.43.12:457][  0]LogEditorServer: Finished looking for orphan Actors (0.000 secs)
[2017.09.26-21.43.12:460][  0]Cmd: MAP CHECKDEP NOCLEARLOG
[2017.09.26-21.43.12:575][  0]MapCheck: Info Map check complete: 0 Error(s), 0 Warning(s), took 115.15ms to complete.
[2017.09.26-21.43.12:575][  0]LogFileHelpers: Loading map 'Template_Default' took 0.435
[2017.09.26-21.43.13:182][  0]LogCollectionManager: Loaded 0 collections in 0.001354 seconds
[2017.09.26-21.43.13:386][  0]LogFileCache: Scanning file cache for directory 'D:/Users/Francis.Kir7286/Documents/Source-Control-Workshop/UE4 Project/MyProject/Saved/Collections/' took 0.01s
[2017.09.26-21.43.13:386][  0]LogFileCache: Scanning file cache for directory 'D:/Users/Francis.Kir7286/Documents/Source-Control-Workshop/UE4 Project/MyProject/Content/Developers/FrancisKir7286/Collections/' took 0.01s
[2017.09.26-21.43.13:386][  0]LogFileCache: Scanning file cache for directory 'D:/Users/Francis.Kir7286/Documents/Source-Control-Workshop/UE4 Project/MyProject/Content/Collections/' took 0.01s
[2017.09.26-21.43.13:386][  0]LogCollectionManager: Rebuilt the GUID cache for 0 collections in 0.000002 seconds
[2017.09.26-21.43.13:398][  0]LogContentBrowser: Native class hierarchy populated in 0.0098 seconds. Added 2190 classes and 428 folders.
[2017.09.26-21.43.13:481][  0]LogStats: UGameplayTagsManager::ConstructGameplayTagTree: Construct from data asset -  0.000 s
[2017.09.26-21.43.13:481][  0]LogStats: UGameplayTagsManager::ConstructGameplayTagTree: GameplayTagTreeChangedEvent.Broadcast -  0.000 s
[2017.09.26-21.43.13:482][  0]LogContentBrowser: Native class hierarchy updated for 'GameplayTags' in 0.0005 seconds. Added 13 classes and 0 folders.
[2017.09.26-21.43.13:621][  0]LogContentBrowser: Native class hierarchy updated for 'WidgetCarousel' in 0.0004 seconds. Added 0 classes and 0 folders.
[2017.09.26-21.43.14:732][  0]LogContentBrowser: Native class hierarchy updated for 'AddContentDialog' in 0.0004 seconds. Added 0 classes and 0 folders.
[2017.09.26-21.43.14:964][  0]LogContentBrowser: Native class hierarchy updated for 'SceneOutliner' in 0.0005 seconds. Added 1 classes and 2 folders.
[2017.09.26-21.43.15:288][  0]LogCrashTracker: Crashtracker disabled due to settings.
[2017.09.26-21.43.15:391][  0]LogTexture:Display: Building textures: Blueprint_64x (BGRA8)
[2017.09.26-21.43.15:393][  0]LogTexture:Display: Building textures: icon_Editor_Preferences_General_40x (BGRA8)
[2017.09.26-21.43.15:396][  0]LogTexture:Display: Building textures: Paper2DSprite_TutorialIcon (BGRA8)
[2017.09.26-21.43.15:398][  0]LogTexture:Display: Building textures: icon_ShowSkeletalMeshes_40x (BGRA8)
[2017.09.26-21.43.15:401][  0]LogTexture:Display: Building textures: Landscape (BGRA8)
[2017.09.26-21.43.15:403][  0]LogTexture:Display: Building textures: Foliage (BGRA8)
[2017.09.26-21.43.15:555][  0]LogContentBrowser: Native class hierarchy updated for 'HierarchicalLODOutliner' in 0.0007 seconds. Added 1 classes and 2 folders.
[2017.09.26-21.43.15:556][  0]LogLoad: (Engine Initialization) Total time: 25.25 seconds
[2017.09.26-21.43.15:556][  0]LogLoad: (Engine Initialization) Total Blueprint compile time: 0.13 seconds
[2017.09.26-21.43.15:556][  0]LogExternalProfiler: Found external profiler: VSPerf
[2017.09.26-21.43.15:556][  0]LogExternalProfiler: Using external profiler: VSPerf
[2017.09.26-21.43.15:894][  0]LogOcInput: OculusInput pre-init called
[2017.09.26-21.43.15:950][  0]LogContentStreaming: Texture pool size now 1000 MB
[2017.09.26-21.43.15:996][  0]LogTexture:Display: Building textures: icon_tab_Levels_40x (BGRA8)
[2017.09.26-21.43.16:141][  0]LogTexture:Display: Building textures: LevelGrid1DStripes (BGRA8)
[2017.09.26-21.43.16:231][  0]LogRenderer: Reallocating scene render targets to support 804x544 NumSamples 1 (Frame:2).
[2017.09.26-21.43.16:733][  1]LogAssetRegistry: Asset discovery search completed in 17.6434 seconds
[2017.09.26-21.43.16:733][  1]LogCollectionManager: Rebuilt the object cache for 0 collections in 0.000001 seconds (found 0 objects)
[2017.09.26-21.43.16:733][  1]LogCollectionManager: Fixed up redirectors for 0 collections in 0.000015 seconds (updated 0 objects)
[2017.09.26-22.12.23:864][305]LogEditorViewport: Clicking on Actor (LMB): StaticMeshActor (Floor)
[2017.09.26-22.12.27:156][588]LogTemp: Repeting last play command: Selected Viewport
[2017.09.26-22.12.27:294][588]LogPlayLevel: PlayLevel: No blueprints needed recompiling
[2017.09.26-22.12.27:317][588]PIE: New page: PIE session: Untitled_1 (28/09/2017 12:12:27 am)
[2017.09.26-22.12.27:318][588]LogPlayLevel: Creating play world package: /Temp/UEDPIE_0_Untitled_1
[2017.09.26-22.12.27:329][588]LogPlayLevel: PIE: StaticDuplicateObject took: (0.011203s)
[2017.09.26-22.12.27:330][588]LogAIModule: Creating AISystem for world Untitled_1
[2017.09.26-22.12.27:331][588]LogPlayLevel: PIE: World Init took: (0.001901s)
[2017.09.26-22.12.27:332][588]LogPlayLevel: PIE: Created PIE world by copying editor world from /Temp/Untitled_1.Untitled_1 to /Temp/UEDPIE_0_Untitled_1.Untitled_1 (0.014138s)
[2017.09.26-22.12.27:507][588]LogLoad: Game class is 'GameModeBase'
[2017.09.26-22.12.27:575][588]LogWorld: Bringing World /Temp/UEDPIE_0_Untitled_1.Untitled_1 up for play (max tick rate 0) at 2017.09.27-11.12.27
[2017.09.26-22.12.27:590][588]LogWorld: Bringing up level for play took: 0.015451
[2017.09.26-22.12.27:780][588]LogContentBrowser: Native class hierarchy updated for 'MovieSceneCapture' in 0.0005 seconds. Added 11 classes and 0 folders.
[2017.09.26-22.12.27:828][588]PIE: Info Play in editor start time for /Temp/UEDPIE_0_Untitled_1 -0.065
[2017.09.26-22.16.52:306][461]LogEditorViewport: Clicking on Actor (LMB): BP_Sky_Sphere_C (Sky Sphere)
[2017.09.26-22.17.28:876][861]SourceControl: Info On branch test_branch
[2017.09.26-22.17.28:876][861]SourceControl: Info Your branch is up-to-date with 'origin/test_branch'.
[2017.09.26-22.17.28:876][861]SourceControl: Info Changes not staged for commit:
[2017.09.26-22.17.28:876][861]SourceControl: Info   (use "git add <file>..." to update what will be committed)
[2017.09.26-22.17.28:876][861]SourceControl: Info   (use "git checkout -- <file>..." to discard changes in working directory)
[2017.09.26-22.17.28:876][861]SourceControl: Info 	modified:   UE4 Project/MyProject/Saved/Config/Windows/EditorPerProjectUserSettings.ini
[2017.09.26-22.17.28:876][861]SourceControl: Info no changes added to commit (use "git add" and/or "git commit -a")
[2017.09.26-22.17.35:640][607]SourceControl: Info fatal: C:/apps/Epic Games/4.14/Engine/Content/: 'C:/apps/Epic Games/4.14/Engine/Content/' is outside repository
[2017.09.26-22.17.35:733][607]LogPackageName:Error: Illegal call to DoesPackageExist: 'D:/Users/Francis.Kir7286/Documents/Source-Control-Workshop/UE4 Project/MyProject/MyProject.uproject' is not a standard unreal filename or a long path name. Reason: Path should be no less than 4 characters long.
[2017.09.26-22.17.35:864][607]LogStats: FPlatformStackWalk::StackWalkAndDump -  0.130 s
[2017.09.26-22.17.35:864][607]LogOutputDevice:Error: === Handled ensure: ===
[2017.09.26-22.17.35:864][607]LogOutputDevice:Error: 
[2017.09.26-22.17.35:864][607]LogOutputDevice:Error: Ensure condition failed: false [File:D:\Build\++UE4+Release-4.14+Compile\Sync\Engine\Source\Runtime\CoreUObject\Private\Misc\PackageName.cpp] [Line: 624]
[2017.09.26-22.17.35:864][607]LogOutputDevice:Error: Illegal call to DoesPackageExist: 'D:/Users/Francis.Kir7286/Documents/Source-Control-Workshop/UE4 Project/MyProject/MyProject.uproject' is not a standard unreal filename or a long path name. Reason: Path should be no less than 4 characters long.
[2017.09.26-22.17.35:864][607]LogOutputDevice:Error: Stack: 
[2017.09.26-22.17.35:864][607]LogOutputDevice:Error: UE4Editor-Core.dll
[2017.09.26-22.17.35:864][607]LogOutputDevice:Error: UE4Editor-Core.dll
[2017.09.26-22.17.35:864][607]LogOutputDevice:Error: UE4Editor-Core.dll
[2017.09.26-22.17.35:864][607]LogOutputDevice:Error: UE4Editor-CoreUObject.dll
[2017.09.26-22.17.35:864][607]LogOutputDevice:Error: UE4Editor-SourceControl.dll
[2017.09.26-22.17.35:864][607]LogOutputDevice:Error: UE4Editor-SourceControl.dll
[2017.09.26-22.17.35:864][607]LogOutputDevice:Error: UE4Editor-SourceControlWindows.dll
[2017.09.26-22.17.35:864][607]LogOutputDevice:Error: UE4Editor-SourceControlWindows.dll
[2017.09.26-22.17.35:864][607]LogOutputDevice:Error: UE4Editor-SourceControlWindows.dll
[2017.09.26-22.17.35:864][607]LogOutputDevice:Error: UE4Editor-SourceControlWindows.dll
[2017.09.26-22.17.35:864][607]LogOutputDevice:Error: UE4Editor-GitSourceControl.dll
[2017.09.26-22.17.35:864][607]LogOutputDevice:Error: UE4Editor-GitSourceControl.dll
[2017.09.26-22.17.35:864][607]LogOutputDevice:Error: UE4Editor-SourceControl.dll
[2017.09.26-22.17.35:864][607]LogOutputDevice:Error: UE4Editor-UnrealEd.dll
[2017.09.26-22.17.35:864][607]LogOutputDevice:Error: UE4Editor-UnrealEd.dll
[2017.09.26-22.17.35:864][607]LogOutputDevice:Error: UE4Editor.exe
[2017.09.26-22.17.35:864][607]LogOutputDevice:Error: UE4Editor.exe
[2017.09.26-22.17.35:864][607]LogOutputDevice:Error: UE4Editor.exe
[2017.09.26-22.17.35:864][607]LogOutputDevice:Error: UE4Editor.exe
[2017.09.26-22.17.35:864][607]LogOutputDevice:Error: UE4Editor.exe
[2017.09.26-22.17.35:864][607]LogOutputDevice:Error: kernel32.dll
[2017.09.26-22.17.35:864][607]LogOutputDevice:Error: ntdll.dll
[2017.09.26-22.17.35:864][607]LogOutputDevice:Error: 
[2017.09.26-22.17.35:868][607]LogStats:                SubmitErrorReport -  0.000 s
